<?xml version="1.0" encoding="UTF-8"?>
<testsuite name="com.seokin.book.springboot.web.dto.HelloResponseDtoTest" tests="1" skipped="0" failures="0" errors="0" timestamp="2020-08-12T14:13:35" hostname="DESKTOP-PPI34K6" time="0.195">
  <properties/>
  <testcase name="롬복_기능_테스트" classname="com.seokin.book.springboot.web.dto.HelloResponseDtoTest" time="0.195"/>
  <system-out><![CDATA[]]></system-out>
  <system-err><![CDATA[]]></system-err>
</testsuite>
